[15:21:55] [ServerMain/INFO]: [bootstrap] Running Java 21 (OpenJDK 64-Bit Server VM 21.0.8+9-Ubuntu-0ubuntu124.04.1; Ubuntu null) on Linux 6.8.0-1030-azure (amd64)
[15:21:55] [ServerMain/INFO]: [bootstrap] Loading Paper 1.21.8-6-main@782ce95 (2025-07-18T20:26:58Z) for Minecraft 1.21.8
[15:21:55] [ServerMain/INFO]: [PluginInitializerManager] Initializing plugins...
[15:21:56] [ServerMain/INFO]: [PluginInitializerManager] Initialized 14 plugins
[15:21:56] [ServerMain/INFO]: [PluginInitializerManager] Bukkit plugins (14):
 - AdvancedTeleport (6.1.3), AngelChest (13.9.4), Essentials (2.21.2), HealthBar-Reloaded (2.0.5-beta), LPC (3.6.0), LagFixer (1.5.0.7 [build 130]), LuckPerms (5.5.17), SkinsRestorer (15.9.0), Skript (2.12.2), TAB (5.3.2), ViaBackwards (5.5.1), ViaVersion (5.5.1), WorldEdit (7.3.17-beta-01+5a4f79c), voicechat (2.6.4)
[15:22:01] [ServerMain/INFO]: Environment: Environment[sessionHost=https://sessionserver.mojang.com, servicesHost=https://api.minecraftservices.com, name=PROD]
[15:22:03] [ServerMain/INFO]: Loaded 1407 recipes
[15:22:03] [ServerMain/INFO]: Loaded 1520 advancements
[15:22:03] [ServerMain/INFO]: [ca.spottedleaf.dataconverter.minecraft.datatypes.MCTypeRegistry] Initialising converters for DataConverter...
[15:22:03] [ServerMain/INFO]: [ca.spottedleaf.dataconverter.minecraft.datatypes.MCTypeRegistry] Finished initialising converters for DataConverter in 440.3ms
[15:22:03] [Server thread/INFO]: Starting minecraft server version 1.21.8
[15:22:03] [Server thread/INFO]: Loading properties
[15:22:03] [Server thread/INFO]: This server is running Paper version 1.21.8-6-main@782ce95 (2025-07-18T20:26:58Z) (Implementing API version 1.21.8-R0.1-SNAPSHOT)
[15:22:03] [Server thread/INFO]: [spark] This server bundles the spark profiler. For more information please visit https://docs.papermc.io/paper/profiling
[15:22:03] [Server thread/INFO]: Server Ping Player Sample Count: 12
[15:22:03] [Server thread/INFO]: Using 4 threads for Netty based IO
[15:22:04] [Server thread/INFO]: [MoonriseCommon] Paper is using 1 worker threads, 1 I/O threads
[15:22:04] [Server thread/INFO]: [ChunkTaskScheduler] Chunk system is using population gen parallelism: true
[15:22:05] [Server thread/INFO]: Default game type: SURVIVAL
[15:22:05] [Server thread/INFO]: Generating keypair
[15:22:05] [Server thread/INFO]: Starting Minecraft server on *:25565
[15:22:05] [Server thread/INFO]: Using epoll channel type
[15:22:05] [Server thread/INFO]: Paper: Using libdeflate (Linux x86_64) compression from Velocity.
[15:22:05] [Server thread/INFO]: Paper: Using OpenSSL 3.x.x (Linux x86_64) cipher from Velocity.
[15:22:06] [Server thread/INFO]: [SpigotLibraryLoader] [LagFixer] Loading 3 libraries... please wait
[15:22:06] [Server thread/INFO]: [SpigotLibraryLoader] [LagFixer] Loaded library /workspaces/ServerPrueba/servidor_minecraft/libraries/org/apache/commons/commons-lang3/3.17.0/commons-lang3-3.17.0.jar
[15:22:06] [Server thread/INFO]: [SpigotLibraryLoader] [LagFixer] Loaded library /workspaces/ServerPrueba/servidor_minecraft/libraries/commons-io/commons-io/2.19.0/commons-io-2.19.0.jar
[15:22:06] [Server thread/INFO]: [SpigotLibraryLoader] [LagFixer] Loaded library /workspaces/ServerPrueba/servidor_minecraft/libraries/com/github/oshi/oshi-core/6.8.0/oshi-core-6.8.0.jar
[15:22:06] [Server thread/INFO]: [SpigotLibraryLoader] [LagFixer] Loaded library /workspaces/ServerPrueba/servidor_minecraft/libraries/net/java/dev/jna/jna/5.17.0/jna-5.17.0.jar
[15:22:06] [Server thread/INFO]: [SpigotLibraryLoader] [LagFixer] Loaded library /workspaces/ServerPrueba/servidor_minecraft/libraries/net/java/dev/jna/jna-platform/5.17.0/jna-platform-5.17.0.jar
[15:22:06] [Server thread/INFO]: [SpigotLibraryLoader] [LagFixer] Loaded library /workspaces/ServerPrueba/servidor_minecraft/libraries/org/slf4j/slf4j-api/2.0.17/slf4j-api-2.0.17.jar
[15:22:06] [Server thread/INFO]: [ViaVersion] Loading server plugin ViaVersion v5.5.1
[15:22:06] [Server thread/INFO]: [ViaVersion] ViaVersion 5.5.1 is now loaded. Registering protocol transformers and injecting...
[15:22:07] [Via-Mappingloader-0/INFO]: [ViaVersion] Loading block connection mappings ...
[15:22:07] [Via-Mappingloader-0/INFO]: [ViaVersion] Using FastUtil Long2ObjectOpenHashMap for block connections
[15:22:07] [Server thread/INFO]: [ViaBackwards] Loading translations...
[15:22:07] [Server thread/INFO]: [ViaBackwards] Registering protocols...
[15:22:08] [Server thread/INFO]: [WorldEdit] Loading server plugin WorldEdit v7.3.17-beta-01+5a4f79c
[15:22:09] [Server thread/INFO]: Got request to register class com.sk89q.worldedit.bukkit.BukkitServerInterface with WorldEdit [com.sk89q.worldedit.extension.platform.PlatformManager@15d5cdab]
[15:22:09] [Server thread/INFO]: [LuckPerms] Loading server plugin LuckPerms v5.5.17
[15:22:09] [Server thread/INFO]: [LuckPerms] Loading configuration...
[15:22:09] [Server thread/INFO]: [ViaBackwards] Loading server plugin ViaBackwards v5.5.1
[15:22:09] [Server thread/INFO]: [AdvancedTeleport] Loading server plugin AdvancedTeleport v6.1.3
[15:22:09] [Server thread/INFO]: [AdvancedTeleport] Verifying checksum for gson
[15:22:09] [Server thread/INFO]: [AdvancedTeleport] Checksum matched for gson
[15:22:09] [Server thread/INFO]: [AdvancedTeleport] Verifying checksum for jar-relocator
[15:22:09] [Server thread/INFO]: [AdvancedTeleport] Checksum matched for jar-relocator
[15:22:09] [Server thread/INFO]: [AdvancedTeleport] Verifying checksum for asm
[15:22:09] [Server thread/INFO]: [AdvancedTeleport] Checksum matched for asm
[15:22:09] [Server thread/INFO]: [AdvancedTeleport] Verifying checksum for asm-commons
[15:22:09] [Server thread/INFO]: [AdvancedTeleport] Checksum matched for asm-commons
[15:22:09] [Server thread/INFO]: [AdvancedTeleport] Verifying checksum for gson
[15:22:09] [Server thread/INFO]: [AdvancedTeleport] Checksum matched for gson
[15:22:09] [Server thread/INFO]: [AdvancedTeleport] Verifying checksum for adventure-api
[15:22:09] [Server thread/INFO]: [AdvancedTeleport] Checksum matched for adventure-api
[15:22:09] [Server thread/INFO]: [AdvancedTeleport] Verifying checksum for adventure-key
[15:22:09] [Server thread/INFO]: [AdvancedTeleport] Checksum matched for adventure-key
[15:22:09] [Server thread/INFO]: [AdvancedTeleport] Verifying checksum for examination-api
[15:22:09] [Server thread/INFO]: [AdvancedTeleport] Checksum matched for examination-api
[15:22:09] [Server thread/INFO]: [AdvancedTeleport] Verifying checksum for examination-string
[15:22:09] [Server thread/INFO]: [AdvancedTeleport] Checksum matched for examination-string
[15:22:09] [Server thread/INFO]: [AdvancedTeleport] Verifying checksum for adventure-text-minimessage
[15:22:09] [Server thread/INFO]: [AdvancedTeleport] Checksum matched for adventure-text-minimessage
[15:22:09] [Server thread/INFO]: [AdvancedTeleport] Verifying checksum for adventure-nbt
[15:22:09] [Server thread/INFO]: [AdvancedTeleport] Checksum matched for adventure-nbt
[15:22:09] [Server thread/INFO]: [AdvancedTeleport] Verifying checksum for adventure-text-serializer-plain
[15:22:09] [Server thread/INFO]: [AdvancedTeleport] Checksum matched for adventure-text-serializer-plain
[15:22:09] [Server thread/INFO]: [AdvancedTeleport] Verifying checksum for adventure-platform-bukkit
[15:22:09] [Server thread/INFO]: [AdvancedTeleport] Checksum matched for adventure-platform-bukkit
[15:22:09] [Server thread/INFO]: [AdvancedTeleport] Verifying checksum for adventure-text-serializer-gson-legacy-impl
[15:22:09] [Server thread/INFO]: [AdvancedTeleport] Checksum matched for adventure-text-serializer-gson-legacy-impl
[15:22:09] [Server thread/INFO]: [AdvancedTeleport] Verifying checksum for adventure-text-serializer-gson
[15:22:09] [Server thread/INFO]: [AdvancedTeleport] Checksum matched for adventure-text-serializer-gson
[15:22:09] [Server thread/INFO]: [AdvancedTeleport] Verifying checksum for adventure-text-serializer-json
[15:22:09] [Server thread/INFO]: [AdvancedTeleport] Checksum matched for adventure-text-serializer-json
[15:22:09] [Server thread/INFO]: [AdvancedTeleport] Verifying checksum for option
[15:22:09] [Server thread/INFO]: [AdvancedTeleport] Checksum matched for option
[15:22:09] [Server thread/INFO]: [AdvancedTeleport] Verifying checksum for adventure-platform-facet
[15:22:09] [Server thread/INFO]: [AdvancedTeleport] Checksum matched for adventure-platform-facet
[15:22:09] [Server thread/INFO]: [AdvancedTeleport] Verifying checksum for adventure-platform-api
[15:22:09] [Server thread/INFO]: [AdvancedTeleport] Checksum matched for adventure-platform-api
[15:22:09] [Server thread/INFO]: [AdvancedTeleport] Verifying checksum for adventure-platform-viaversion
[15:22:09] [Server thread/INFO]: [AdvancedTeleport] Checksum matched for adventure-platform-viaversion
[15:22:09] [Server thread/INFO]: [AdvancedTeleport] Verifying checksum for adventure-text-serializer-bungeecord
[15:22:09] [Server thread/INFO]: [AdvancedTeleport] Checksum matched for adventure-text-serializer-bungeecord
[15:22:09] [Server thread/INFO]: [AdvancedTeleport] Verifying checksum for adventure-text-serializer-legacy
[15:22:09] [Server thread/INFO]: [AdvancedTeleport] Checksum matched for adventure-text-serializer-legacy
[15:22:09] [Server thread/INFO]: [AdvancedTeleport] Verifying checksum for bstats-bukkit
[15:22:09] [Server thread/INFO]: [AdvancedTeleport] Checksum matched for bstats-bukkit
[15:22:09] [Server thread/INFO]: [AdvancedTeleport] Verifying checksum for bstats-base
[15:22:09] [Server thread/INFO]: [AdvancedTeleport] Checksum matched for bstats-base
[15:22:09] [Server thread/INFO]: [AdvancedTeleport] Verifying checksum for paperlib
[15:22:09] [Server thread/INFO]: [AdvancedTeleport] Checksum matched for paperlib
[15:22:09] [Server thread/INFO]: [AdvancedTeleport] Verifying checksum for ConfigurationMaster-API
[15:22:09] [Server thread/INFO]: [AdvancedTeleport] Checksum matched for ConfigurationMaster-API
[15:22:09] [Server thread/INFO]: [AngelChest] Loading server plugin AngelChest v13.9.4
[15:22:09] [Server thread/INFO]: [TAB] Loading server plugin TAB v5.3.2
[15:22:09] [Server thread/INFO]: [SkinsRestorer] Loading server plugin SkinsRestorer v15.9.0
[15:22:09] [Server thread/INFO]: [HealthBar-Reloaded] Loading server plugin HealthBar-Reloaded v2.0.5-beta
[15:22:09] [Server thread/INFO]: [[38;5;11m⚡[0m] Loading server plugin LagFixer v1.5.0.7 [build 130]
[15:22:09] [Server thread/INFO]: [Essentials] Loading server plugin Essentials v2.21.2
[15:22:09] [Server thread/INFO]: [voicechat] Loading server plugin voicechat v2.6.4
[15:22:09] [Server thread/INFO]: [Skript] Loading server plugin Skript v2.12.2
[15:22:09] [Server thread/INFO]: [LPC] Loading server plugin LPC v3.6.0
[15:22:09] [Server thread/INFO]: Server permissions file permissions.yml is empty, ignoring it
[15:22:09] [Server thread/INFO]: [WorldEdit] Enabling WorldEdit v7.3.17-beta-01+5a4f79c
[15:22:09] [Server thread/INFO]: Registering commands with com.sk89q.worldedit.bukkit.BukkitServerInterface
[15:22:09] [Server thread/INFO]: WEPIF: Using the Bukkit Permissions API.
[15:22:09] [Server thread/INFO]: Using com.sk89q.worldedit.bukkit.adapter.impl.v1_21_6.PaperweightAdapter as the Bukkit adapter
[15:22:11] [Server thread/INFO]: [LuckPerms] Enabling LuckPerms v5.5.17
[15:22:11] [Server thread/INFO]:         __    
[15:22:11] [Server thread/INFO]:   |    |__)   LuckPerms v5.5.17
[15:22:11] [Server thread/INFO]:   |___ |      Running on Bukkit - Paper
[15:22:11] [Server thread/INFO]: 
[15:22:11] [Server thread/INFO]: [LuckPerms] Loading storage provider... [H2]
[15:22:12] [Server thread/INFO]: [LuckPerms] Loading internal permission managers...
[15:22:12] [Server thread/INFO]: [LuckPerms] Performing initial data load...
[15:22:12] [Server thread/INFO]: [LuckPerms] Successfully enabled. (took 1058ms)
[15:22:12] [Server thread/INFO]: [SkinsRestorer] Enabling SkinsRestorer v15.9.0
[15:22:13] [Server thread/INFO]: [SkinsRestorer] Running on Minecraft 1.21.8.
[15:22:13] [Server thread/INFO]: [SkinsRestorer] Using paper join listener!
[15:22:13] [Server thread/WARN]: **** SERVER IS RUNNING IN OFFLINE/INSECURE MODE!
[15:22:13] [Server thread/WARN]: The server will make no attempt to authenticate usernames. Beware.
[15:22:13] [Server thread/WARN]: While this makes the game possible to play without internet access, it also opens up the ability for hackers to connect with any username they choose.
[15:22:13] [Server thread/WARN]: To change this, set "online-mode" to "true" in the server.properties file.
[15:22:13] [Server thread/INFO]: Preparing level "world"
[15:22:13] [Folia Async Scheduler Thread #1/INFO]: [SkinsRestorer] ----------------------------------------------
[15:22:13] [Folia Async Scheduler Thread #1/INFO]: [SkinsRestorer]     +==================+
[15:22:13] [Folia Async Scheduler Thread #1/INFO]: [SkinsRestorer]     |   SkinsRestorer  |
[15:22:13] [Folia Async Scheduler Thread #1/INFO]: [SkinsRestorer]     |------------------|
[15:22:13] [Folia Async Scheduler Thread #1/INFO]: [SkinsRestorer]     |  Standalone Mode |
[15:22:13] [Folia Async Scheduler Thread #1/INFO]: [SkinsRestorer]     +==================+
[15:22:13] [Folia Async Scheduler Thread #1/INFO]: [SkinsRestorer] ----------------------------------------------
[15:22:13] [Folia Async Scheduler Thread #1/INFO]: [SkinsRestorer]     Version: 15.9.0
[15:22:13] [Folia Async Scheduler Thread #1/INFO]: [SkinsRestorer]     Commit: 1565b8f
[15:22:13] [Folia Async Scheduler Thread #1/INFO]: [SkinsRestorer]     This is the latest version!
[15:22:13] [Folia Async Scheduler Thread #1/INFO]: [SkinsRestorer] ----------------------------------------------
[15:22:13] [Folia Async Scheduler Thread #1/INFO]: [SkinsRestorer] Do you have issues? Read our troubleshooting guide: https://skinsrestorer.net/docs/troubleshooting
[15:22:13] [Folia Async Scheduler Thread #1/INFO]: [SkinsRestorer] Want to support SkinsRestorer? Consider donating: https://skinsrestorer.net/donate
[15:22:14] [Server thread/INFO]: Preparing start region for dimension minecraft:overworld
[15:22:15] [Server thread/INFO]: Preparing spawn area: 0%
[15:22:15] [Server thread/INFO]: Preparing spawn area: 0%
[15:22:15] [Server thread/INFO]: Time elapsed: 888 ms
[15:22:15] [Server thread/INFO]: Preparing start region for dimension minecraft:the_nether
[15:22:15] [Server thread/INFO]: Preparing spawn area: 0%
[15:22:16] [Server thread/INFO]: Time elapsed: 209 ms
[15:22:16] [Server thread/INFO]: Preparing start region for dimension minecraft:the_end
[15:22:16] [Server thread/INFO]: Preparing spawn area: 0%
[15:22:16] [Server thread/INFO]: Time elapsed: 103 ms
[15:22:16] [Server thread/INFO]: [ViaVersion] Enabling ViaVersion v5.5.1
[15:22:16] [Server thread/INFO]: [ViaVersion] ViaVersion detected server version: 1.21.7-1.21.8 (772)
[15:22:16] [Server thread/INFO]: [ViaBackwards] Enabling ViaBackwards v5.5.1
[15:22:16] [Server thread/INFO]: [AdvancedTeleport] Enabling AdvancedTeleport v6.1.3
[15:22:16] [Server thread/INFO]: [AdvancedTeleport] Performing server version check.
[15:22:16] [Server thread/INFO]: [AdvancedTeleport] Detected major version: 21
[15:22:16] [Server thread/INFO]: [AdvancedTeleport] Advanced Teleport is now enabling...
[15:22:16] [Server thread/INFO]: [AdvancedTeleport] Setting up permissions integration with Vault.
[15:22:16] [Server thread/INFO]: [AdvancedTeleport] Vault is not on the server, skipping.
[15:22:16] [Server thread/INFO]: [AdvancedTeleport] Loading MainConfig.
[15:22:16] [Server thread/WARN]: [AdvancedTeleport] Failed to parse payment 100.0 for command tpa! Error message: net/milkbowl/vault/economy/Economy
[15:22:16] [Server thread/WARN]: [AdvancedTeleport] Failed to parse payment 100.0 for command tpahere! Error message: net/milkbowl/vault/economy/Economy
[15:22:16] [Server thread/WARN]: [AdvancedTeleport] Failed to parse payment 100.0 for command tpr! Error message: net/milkbowl/vault/economy/Economy
[15:22:16] [Server thread/WARN]: [AdvancedTeleport] Failed to parse payment 100.0 for command spawn! Error message: net/milkbowl/vault/economy/Economy
[15:22:16] [Server thread/WARN]: [AdvancedTeleport] Failed to parse payment 100.0 for command warp! Error message: net/milkbowl/vault/economy/Economy
[15:22:16] [Server thread/WARN]: [AdvancedTeleport] Failed to parse payment 100.0 for command home! Error message: net/milkbowl/vault/economy/Economy
[15:22:16] [Server thread/WARN]: [AdvancedTeleport] Failed to parse payment 100.0 for command back! Error message: net/milkbowl/vault/economy/Economy
[15:22:16] [Server thread/INFO]: [AdvancedTeleport] Registered the image warp_default!
[15:22:16] [Server thread/INFO]: [AdvancedTeleport] Registered the image home_default!
[15:22:16] [Server thread/INFO]: [AdvancedTeleport] Registered the image spawn_default!
[15:22:16] [Server thread/INFO]: [AngelChest] Enabling AngelChest v13.9.4
[15:22:16] [Server thread/INFO]: [AngelChest] groups.yml does not exist, skipping custom group settings.
[15:22:16] [Server thread/INFO]: [AngelChest] blacklist.yml does not exist, disabling item blacklist.
[15:22:16] [Server thread/INFO]: [AngelChest] Not using premium version, disabling Graveyards feature
[15:22:16] [Server thread/WARN]: [AngelChest] Could not add usage/description to command acopen
[15:22:17] [Server thread/INFO]: [AngelChest] Vault not installed, disabling economy functions.
[15:22:17] [Server thread/INFO]: [AngelChest] [ACF] Enabled Asynchronous Tab Completion Support!
[15:22:17] [Server thread/INFO]: [AngelChest] Successfully enabled AngelChest v13.9.4 (Premium: false)
[15:22:17] [Server thread/INFO]: [TAB] Enabling TAB v5.3.2
[15:22:17] [Server thread/INFO]: [TAB] Enabled in 486ms
[15:22:17] [Server thread/INFO]: [HealthBar-Reloaded] Enabling HealthBar-Reloaded v2.0.5-beta
[15:22:17] [Server thread/INFO]: [[38;5;11m⚡[0m] Enabling LagFixer v1.5.0.7 [build 130]
[15:22:18] [Server thread/INFO]: [[38;5;11m⚡[0m] Remember to leave a rating! ★ ★ ★ ★ ★





LagFixer - Best Performance Solution!
░░░░░░░░░░░░░░░░░░░░░░░░░░░░░░░░░░░░░░░░░░░░░░░░░░░░░░░░░░░░░░░░
░██╗░░░░░░█████╗░░██████╗░░░███████╗██╗██╗░░██╗███████╗██████╗░░
░██║░░░░░██╔══██╗██╔════╝░░░██╔════╝██║╚██╗██╔╝██╔════╝██╔══██╗░
░██║░░░░░███████║██║░░██╗░░░█████╗░░██║░╚███╔╝░█████╗░░██████╔╝░
░██║░░░░░██╔══██║██║░░╚██╗░░██╔══╝░░██║░██╔██╗░██╔══╝░░██╔══██╗░
░███████╗██║░░██║╚██████╔╝░░██║░░░░░██║██╔╝╚██╗███████╗██║░░██║░
░╚══════╝╚═╝░░╚═╝░╚═════╝░░░╚═╝░░░░░╚═╝╚═╝░░╚═╝╚══════╝╚═╝░░╚═╝░
░░░░░░░░░░░░░░░░░░░░░░░░░░░░░░░░░░░░░░░░░░░░░░░░░░░░░░░░░░░░░░░░





[15:22:18] [Server thread/INFO]: [[38;5;11m⚡[0m] (ErrorsManager) -> Enabling manager...
[15:22:18] [Server thread/INFO]: [[38;5;11m⚡[0m]  • Started listening console for LagFixer errors!
[15:22:18] [Server thread/INFO]: [[38;5;11m⚡[0m] (ErrorsManager) -> Enabled manager in 3ms!
[15:22:18] [Server thread/INFO]: [[38;5;11m⚡[0m] (ConfigManager) -> Enabling manager...
[15:22:18] [Server thread/INFO]: [[38;5;11m⚡[0m] (ConfigManager) -> Enabled manager in 73ms!
[15:22:18] [Server thread/INFO]: [[38;5;11m⚡[0m] (SupportManager) -> Enabling manager...
[15:22:18] [Server thread/INFO]: [[38;5;11m⚡[0m]  • Loaded fork support ~ xyz.lychee.lagfixer.support.PaperSupport
[15:22:18] [Server thread/INFO]: [[38;5;11m⚡[0m]  • Loaded nms support ~ xyz.lychee.lagfixer.nms.v1_21_R5.SupportNms
[15:22:18] [Server thread/INFO]: [[38;5;11m⚡[0m] (SupportManager) -> Enabled manager in 9ms!
[15:22:18] [Server thread/INFO]: [[38;5;11m⚡[0m] (HookManager) -> Enabling manager...
[15:22:18] [Server thread/INFO]: [[38;5;11m⚡[0m] (HookManager) -> Enabled manager in 0ms!
[15:22:18] [Server thread/INFO]: [[38;5;11m⚡[0m] (MetricsManager) -> Enabling manager...
[15:22:18] [Server thread/INFO]: [[38;5;11m⚡[0m] (MetricsManager) -> Enabled manager in 9ms!
[15:22:18] [Server thread/INFO]: [[38;5;11m⚡[0m] (UpdaterManager) -> Enabling manager...
[15:22:18] [Server thread/INFO]: [[38;5;11m⚡[0m] (UpdaterManager) -> Enabled manager in 1ms!
[15:22:18] [Server thread/INFO]: Environment: Environment[sessionHost=https://sessionserver.mojang.com, servicesHost=https://api.minecraftservices.com, name=PROD]
[15:22:18] [Server thread/INFO]: [[38;5;11m⚡[0m] (ModuleManager) -> Enabling manager...
[15:22:18] [Server thread/INFO]: [[38;5;11m⚡[0m]  • Successfully loaded module RedstoneLimiter in 48ms.
[15:22:18] [Server thread/INFO]: [[38;5;11m⚡[0m]  • Successfully loaded module InstantLeafDecay in 4ms.
[15:22:18] [Server thread/WARN]: [[38;5;11m⚡[0m] Unknown "EntityType" enum value: POTION
[15:22:18] [Server thread/INFO]: [[38;5;11m⚡[0m]  • Successfully loaded module WorldCleaner in 6ms.
[15:22:18] [Server thread/INFO]: [[38;5;11m⚡[0m]  • Successfully loaded module LagShield in 10ms.
[15:22:18] [Server thread/INFO]: [[38;5;11m⚡[0m]  • Successfully loaded module ExplosionOptimizer in 6ms.
[15:22:18] [Server thread/INFO]: [[38;5;11m⚡[0m]  • Successfully loaded module MobAiReducer in 22ms.
[15:22:18] [Server thread/INFO]: [[38;5;11m⚡[0m]  • Successfully loaded module EntityLimiter in 8ms.
[15:22:18] [Server thread/INFO]: [[38;5;11m⚡[0m]  • Successfully loaded module AbilityLimiter in 3ms.
[15:22:18] [Server thread/INFO]: [[38;5;11m⚡[0m] (ModuleManager) -> Enabled manager in 243ms!
[15:22:18] [Server thread/INFO]: [[38;5;11m⚡[0m] (CommandManager) -> Enabling manager...
[15:22:18] [Server thread/INFO]: [[38;5;11m⚡[0m] (CommandManager) -> Enabled manager in 73ms!
[15:22:18] [Server thread/INFO]: [[38;5;11m⚡[0m] Remember to leave a rating! ★ ★ ★ ★ ★
[15:22:18] [Server thread/INFO]: [[38;5;11m⚡[0m] ❤ Support us https://ko-fi.com/lajczik
[15:22:18] [Server thread/INFO]: [Essentials] Enabling Essentials v2.21.2
[15:22:19] [Server thread/INFO]: [Essentials] Attempting to convert old kits in config.yml to new kits.yml
[15:22:19] [Server thread/INFO]: [Essentials] No kits found to migrate.
[15:22:19] [Server thread/INFO]: [Essentials] Selected 1.20.4+ Damage Event Provider as the provider for DamageEventProvider
[15:22:19] [Server thread/INFO]: [Essentials] Selected Paper Material Tag Provider as the provider for MaterialTagProvider
[15:22:19] [Server thread/INFO]: [Essentials] Selected 1.20.5+ Banner Data Provider as the provider for BannerDataProvider
[15:22:19] [Server thread/INFO]: [Essentials] Selected 1.12+ Spawner Block Provider as the provider for SpawnerBlockProvider
[15:22:19] [Server thread/INFO]: [Essentials] Selected Reflection Online Mode Provider as the provider for OnlineModeProvider
[15:22:19] [Server thread/INFO]: [Essentials] Selected Paper Tick Count Provider as the provider for TickCountProvider
[15:22:19] [Server thread/INFO]: [Essentials] Selected Paper Known Commands Provider as the provider for KnownCommandsProvider
[15:22:19] [Server thread/INFO]: [Essentials] Selected 1.12.2+ Player Locale Provider as the provider for PlayerLocaleProvider
[15:22:19] [Server thread/INFO]: [Essentials] Selected Paper Container Provider as the provider for ContainerProvider
[15:22:19] [Server thread/INFO]: [Essentials] Selected 1.14+ Sign Data Provider as the provider for SignDataProvider
[15:22:19] [Server thread/INFO]: [Essentials] Selected 1.14.4+ Persistent Data Container Provider as the provider for PersistentDataProvider
[15:22:19] [Server thread/INFO]: [Essentials] Selected Legacy Biome Name Provider as the provider for BiomeNameProvider
[15:22:19] [Server thread/INFO]: [Essentials] Selected 1.21+ InventoryView Interface ABI Provider as the provider for InventoryViewProvider
[15:22:19] [Server thread/INFO]: [Essentials] Selected 1.17.1+ World Info Provider as the provider for WorldInfoProvider
[15:22:19] [Server thread/INFO]: [Essentials] Selected 1.13+ Spawn Egg Provider as the provider for SpawnEggProvider
[15:22:19] [Server thread/INFO]: [Essentials] Selected 1.11+ Item Unbreakable Provider as the provider for ItemUnbreakableProvider
[15:22:19] [Server thread/INFO]: [Essentials] Selected Reflection Formatted Command Alias Provider as the provider for FormattedCommandAliasProvider
[15:22:19] [Server thread/INFO]: [Essentials] Selected 1.8.3+ Spawner Item Provider as the provider for SpawnerItemProvider
[15:22:19] [Server thread/INFO]: [Essentials] Selected Paper Serialization Provider as the provider for SerializationProvider
[15:22:19] [Server thread/INFO]: [Essentials] Selected Paper Biome Key Provider as the provider for BiomeKeyProvider
[15:22:19] [Server thread/INFO]: [Essentials] Selected 1.21.4+ Sync Commands Provider as the provider for SyncCommandsProvider
[15:22:19] [Server thread/INFO]: [Essentials] Selected Paper Server State Provider as the provider for ServerStateProvider
[15:22:19] [Server thread/INFO]: [Essentials] Selected 1.20.6+ Potion Meta Provider as the provider for PotionMetaProvider
[15:22:19] [Server thread/INFO]: [Essentials] Loaded 43880 items from items.json.
[15:22:19] [Server thread/INFO]: [Essentials] Using locale en
[15:22:19] [Server thread/INFO]: [Essentials] ServerListPingEvent: Spigot iterator API
[15:22:19] [Server thread/INFO]: [Essentials] Starting Metrics. Opt-out using the global bStats config.
[15:22:19] [Server thread/WARN]: [Essentials] Detected supported permissions plugin LuckPerms without Vault installed.
[15:22:19] [Server thread/WARN]: [Essentials] Features such as chat prefixes/suffixes and group-related functionality will not work until you install Vault.
[15:22:19] [Server thread/INFO]: [Essentials] Using superperms-based permissions.
[15:22:19] [Server thread/INFO]: [voicechat] Enabling voicechat v2.6.4
[15:22:19] [Server thread/INFO]: [voicechat] Initializing compatibility for version 1.21.8-R0.1
[15:22:19] [Server thread/INFO]: [voicechat] Compatibility version 20
[15:22:19] [Server thread/INFO]: [voicechat] Successfully initialized commodore command completion
[15:22:19] [Server thread/INFO]: [voicechat] Successfully added ViaVersion mappings
[15:22:19] [Server thread/INFO]: [Skript] Enabling Skript v2.12.2
[15:22:20] [ForkJoinPool.commonPool-worker-1/INFO]: [Skript] A new version of Skript is available: 2.13.1 (you're currently running 2.12.2)
[15:22:20] [ForkJoinPool.commonPool-worker-1/INFO]: Download it at: <aqua><u><link:https://github.com/SkriptLang/Skript/releases/download/2.13.1/Skript-2.13.1.jar>https://github.com/SkriptLang/Skript/releases/download/2.13.1/Skript-2.13.1.jar
[15:22:21] [Server thread/INFO]: [Skript]  ~ created by & © Peter Güttinger aka Njol ~
[15:22:21] [Server thread/INFO]: [LPC] Enabling LPC v3.6.0
[15:22:22] [Server thread/INFO]: [spark] Starting background profiler...
[15:22:22] [Server thread/INFO]: Done preparing level "world" (8.759s)
[15:22:22] [Server thread/INFO]: Running delayed init tasks
[15:22:22] [Craft Scheduler Thread - 2 - ViaVersion/INFO]: [ViaVersion] Finished mapping loading, shutting down loader executor.
[15:22:22] [Craft Scheduler Thread - 9 - Essentials/INFO]: [Essentials] Fetching version information...
[15:22:22] [Craft Scheduler Thread - 2 - AdvancedTeleport/INFO]: [AdvancedTeleport] Preparing random teleportation locations. If your server performance or memory suffers, please set `use-rapid-response` to false in the config.yml file.
[15:22:22] [Craft Scheduler Thread - 2 - AdvancedTeleport/INFO]: [AdvancedTeleport] Plugin is up to date!
[15:22:23] [ForkJoinPool.commonPool-worker-1/INFO]: [Skript] Loaded 5504 aliases in 2027ms
[15:22:23] [Server thread/INFO]: [Skript] Loading variables...
[15:22:23] [Server thread/INFO]: [Skript] Loaded 0 variables in 0.0 seconds
[15:22:23] [Server thread/INFO]: [Skript] All scripts loaded without errors.
[15:22:23] [Server thread/INFO]: [Skript]     No scripts were found, maybe you should write some ;)
[15:22:23] [Server thread/INFO]: [Skript] Finished loading.
[15:22:23] [Server thread/WARN]: java.net.UnknownHostException: api.jeff-media.de
[15:22:23] [Server thread/WARN]: 	at java.base/sun.nio.ch.NioSocketImpl.connect(NioSocketImpl.java:567)
[15:22:23] [Server thread/WARN]: 	at java.base/java.net.SocksSocketImpl.connect(SocksSocketImpl.java:327)
[15:22:23] [Server thread/WARN]: 	at java.base/java.net.Socket.connect(Socket.java:751)
[15:22:23] [Server thread/WARN]: 	at java.base/sun.security.ssl.SSLSocketImpl.connect(SSLSocketImpl.java:304)
[15:22:23] [Server thread/WARN]: 	at java.base/sun.net.NetworkClient.doConnect(NetworkClient.java:178)
[15:22:23] [Server thread/WARN]: 	at java.base/sun.net.www.http.HttpClient.openServer(HttpClient.java:531)
[15:22:23] [Server thread/WARN]: 	at java.base/sun.net.www.http.HttpClient.openServer(HttpClient.java:636)
[15:22:23] [Server thread/WARN]: 	at java.base/sun.net.www.protocol.https.HttpsClient.<init>(HttpsClient.java:264)
[15:22:23] [Server thread/WARN]: 	at java.base/sun.net.www.protocol.https.HttpsClient.New(HttpsClient.java:377)
[15:22:23] [Server thread/WARN]: 	at java.base/sun.net.www.protocol.https.AbstractDelegateHttpsURLConnection.getNewHttpClient(AbstractDelegateHttpsURLConnection.java:193)
[15:22:23] [Server thread/WARN]: 	at java.base/sun.net.www.protocol.http.HttpURLConnection.plainConnect0(HttpURLConnection.java:1253)
[15:22:23] [Server thread/WARN]: 	at java.base/sun.net.www.protocol.http.HttpURLConnection.plainConnect(HttpURLConnection.java:1139)
[15:22:23] [Server thread/WARN]: 	at java.base/sun.net.www.protocol.https.AbstractDelegateHttpsURLConnection.connect(AbstractDelegateHttpsURLConnection.java:179)
[15:22:23] [Server thread/WARN]: 	at java.base/sun.net.www.protocol.http.HttpURLConnection.getInputStream0(HttpURLConnection.java:1691)
[15:22:23] [Server thread/WARN]: 	at java.base/sun.net.www.protocol.http.HttpURLConnection.getInputStream(HttpURLConnection.java:1615)
[15:22:23] [Server thread/WARN]: 	at java.base/sun.net.www.protocol.https.HttpsURLConnectionImpl.getInputStream(HttpsURLConnectionImpl.java:223)
[15:22:23] [Server thread/WARN]: 	at AngelChest-13.9.4.jar//de.jeff_media.angelchest.AngelChestMain$$TA.$$case(UpdateChecker.java:203)
[15:22:23] [Server thread/WARN]: 	at org.bukkit.craftbukkit.scheduler.CraftTask.run(CraftTask.java:78)
[15:22:23] [Server thread/WARN]: 	at org.bukkit.craftbukkit.scheduler.CraftAsyncTask.run(CraftAsyncTask.java:57)
[15:22:23] [Server thread/WARN]: 	at com.destroystokyo.paper.ServerSchedulerReportingWrapper.run(ServerSchedulerReportingWrapper.java:22)
[15:22:23] [Server thread/WARN]: 	at java.base/java.util.concurrent.ThreadPoolExecutor.runWorker(ThreadPoolExecutor.java:1144)
[15:22:23] [Server thread/WARN]: 	at java.base/java.util.concurrent.ThreadPoolExecutor$Worker.run(ThreadPoolExecutor.java:642)
[15:22:23] [Server thread/WARN]: 	at java.base/java.lang.Thread.run(Thread.java:1583)
[15:22:23] [Server thread/WARN]: [AngelChest] Could not check for updates.
[15:22:23] [Server thread/INFO]: Done (28.780s)! For help, type "help"
[15:22:23] [Server thread/INFO]: [voicechat] Loading plugins
[15:22:23] [Server thread/INFO]: [voicechat] Loaded 0 plugin(s)
[15:22:23] [Server thread/INFO]: [voicechat] Initializing plugins
[15:22:23] [Server thread/INFO]: [voicechat] Initialized 0 plugin(s)
[15:22:23] [Server thread/WARN]: [voicechat] Running in offline mode - Voice chat encryption is not secure!
[15:22:23] [VoiceChatServerThread/INFO]: [voicechat] Voice chat server started at port 24454
[15:22:25] [Server thread/INFO]: [AngelChest] ========================================================
[15:22:25] [Server thread/INFO]: [AngelChest] You are using the free version of AngelChest. There is
[15:22:25] [Server thread/INFO]: [AngelChest] also a premium version available, called AngelChestPlus.
[15:22:25] [Server thread/INFO]: [AngelChest] It includes TONS of new features and exclusive Discord
[15:22:25] [Server thread/INFO]: [AngelChest] support. The free version will still receive bugfixes,
[15:22:25] [Server thread/INFO]: [AngelChest] but there won't be ANY new features!
[15:22:25] [Server thread/INFO]: [AngelChest] If you like AngelChest, you will LOVE AngelChestPlus, so
[15:22:25] [Server thread/INFO]: [AngelChest] please consider upgrading! Thank you for using AngelChest.
[15:22:25] [Server thread/INFO]: [AngelChest] 
[15:22:25] [Server thread/INFO]: [AngelChest] https://www.spigotmc.org/resources/88214
[15:22:25] [Server thread/INFO]: [AngelChest] ========================================================
[15:22:50] [User Authenticator #0/INFO]: UUID of player kekotxu is 84d0e8ea-8aa5-3dfb-afb8-3f0c34f10a46
[15:22:50] [Server thread/INFO]: [HorriblePlayerLoginEventHack] You have plugins listening to the PlayerLoginEvent, this will cause re-configuration APIs to be unavailable: [LuckPerms, Essentials]
[15:22:50] [Server thread/INFO]: kekotxu joined the game
[15:22:51] [Server thread/INFO]: kekotxu[/127.248.22.23:58549] logged in with entity id 136 at ([world]38.30000001192093, 70.0, 112.72641866736906)
[15:22:51] [Server thread/INFO]: [voicechat] Received secret request of kekotxu (20)
[15:22:51] [Server thread/INFO]: [voicechat] Sent secret to kekotxu
[15:23:09] [User Authenticator #0/INFO]: UUID of player Santiagobxx25 is 46a5320e-cbe6-37c4-a76f-d9d5e2ee70c2
[15:23:09] [Server thread/INFO]: Santiagobxx25 joined the game
[15:23:09] [Server thread/INFO]: Santiagobxx25[/127.204.79.181:45567] logged in with entity id 449 at ([world]41.21091016206274, 73.0, 99.91533334023798)
[15:23:09] [Server thread/INFO]: [voicechat] Received secret request of Santiagobxx25 (20)
[15:23:09] [Server thread/INFO]: [voicechat] Sent secret to Santiagobxx25
[15:23:27] [Server thread/INFO]: kekotxu issued server command: /tab reload
[15:23:27] [Server thread/INFO]: [TAB] Disabled in 0ms
[15:23:27] [Server thread/INFO]: [TAB] Enabled in 30ms
[15:23:28] [Server thread/INFO]: Santiagobxx25 has made the advancement [Stone Age]
[15:23:51] [Server thread/INFO]: kekotxu issued server command: /tab reload
[15:23:51] [Server thread/INFO]: [TAB] Disabled in 1ms
[15:23:51] [Server thread/INFO]: [TAB] Enabled in 16ms
[15:23:56] [Server thread/INFO]: [kekotxu: Set own game mode to Creative Mode]
[15:24:06] [Server thread/INFO]: kekotxu has made the advancement [Getting an Upgrade]
[15:24:09] [Server thread/INFO]: [kekotxu: Set own game mode to Survival Mode]
[15:24:10] [Server thread/INFO]: kekotxu has made the advancement [Stone Age]
[15:24:14] [Server thread/INFO]: kekotxu issued server command: /gamerule locatorBar false
[15:24:14] [Server thread/INFO]: [kekotxu: Gamerule locatorBar is now set to: false]
[15:24:16] [Server thread/INFO]: [kekotxu: Set own game mode to Creative Mode]
[15:24:19] [Server thread/INFO]: [kekotxu: Set own game mode to Survival Mode]
[15:25:07] [Server thread/INFO]: Santiagobxx25 has made the advancement [Getting an Upgrade]
[15:26:27] [Server thread/INFO]: Santiagobxx25 has made the advancement [Monster Hunter]
[15:26:49] [Server thread/INFO]: Santiagobxx25 lost connection: Disconnected
[15:26:49] [Server thread/INFO]: [voicechat] Disconnecting client Santiagobxx25
[15:26:49] [Server thread/INFO]: Santiagobxx25 left the game
[15:27:03] [Server thread/INFO]: kekotxu lost connection: Disconnected
[15:27:03] [Server thread/INFO]: [voicechat] Disconnecting client kekotxu
[15:27:03] [Server thread/INFO]: kekotxu left the game
[15:27:18] [Folia Async Scheduler Thread #2/INFO]: [[38;5;11m⚡[0m] 
∘₊✧────────────────────────────────✧₊∘
LagFixer needs an update!
Version: 1.5.0.7 -> 1.5.1.3
https://www.spigotmc.org/resources/111684/

⚠ Updating this plugin is crucial! ⚠
∘₊✧────────────────────────────────✧₊∘
[15:27:30] [Server thread/INFO]: Stopping the server
[15:27:30] [Server thread/INFO]: Stopping server
[15:27:30] [Server thread/INFO]: [LPC] Disabling LPC v3.6.0
[15:27:30] [Server thread/INFO]: [Skript] Disabling Skript v2.12.2
[15:27:30] [Server thread/INFO]: [voicechat] Disabling voicechat v2.6.4
[15:27:30] [Server thread/INFO]: [Essentials] Disabling Essentials v2.21.2
[15:27:30] [Server thread/INFO]: [[38;5;11m⚡[0m] Disabling LagFixer v1.5.0.7 [build 130]
[15:27:30] [Server thread/INFO]: [[38;5;11m⚡[0m] (ErrorsManager) -> Disabling manager...
[15:27:30] [Server thread/INFO]: [[38;5;11m⚡[0m] (ErrorsManager) -> Disabled manager in 0ms!
[15:27:30] [Server thread/INFO]: [[38;5;11m⚡[0m] (ConfigManager) -> Disabling manager...
[15:27:30] [Server thread/INFO]: [[38;5;11m⚡[0m] (ConfigManager) -> Disabled manager in 0ms!
[15:27:30] [Server thread/INFO]: [[38;5;11m⚡[0m] (SupportManager) -> Disabling manager...
[15:27:30] [Server thread/INFO]: [[38;5;11m⚡[0m] (SupportManager) -> Disabled manager in 1ms!
[15:27:30] [Server thread/INFO]: [[38;5;11m⚡[0m] (HookManager) -> Disabling manager...
[15:27:30] [Server thread/INFO]: [[38;5;11m⚡[0m] (HookManager) -> Disabled manager in 0ms!
[15:27:30] [Server thread/INFO]: [[38;5;11m⚡[0m] (MetricsManager) -> Disabling manager...
[15:27:30] [Server thread/INFO]: [[38;5;11m⚡[0m] (MetricsManager) -> Disabled manager in 0ms!
[15:27:30] [Server thread/INFO]: [[38;5;11m⚡[0m] (UpdaterManager) -> Disabling manager...
[15:27:30] [Server thread/INFO]: [[38;5;11m⚡[0m] (UpdaterManager) -> Disabled manager in 1ms!
[15:27:30] [Server thread/INFO]: [[38;5;11m⚡[0m] (ModuleManager) -> Disabling manager...
[15:27:30] [Server thread/INFO]: [[38;5;11m⚡[0m]  • Successfully disabled module RedstoneLimiter in 0ms.
[15:27:30] [Server thread/INFO]: [[38;5;11m⚡[0m]  • Successfully disabled module InstantLeafDecay in 1ms.
[15:27:30] [Server thread/INFO]: [[38;5;11m⚡[0m]  • Successfully disabled module WorldCleaner in 0ms.
[15:27:30] [Server thread/INFO]: [[38;5;11m⚡[0m]  • Successfully disabled module LagShield in 0ms.
[15:27:30] [Server thread/INFO]: [[38;5;11m⚡[0m]  • Successfully disabled module ExplosionOptimizer in 1ms.
[15:27:30] [Server thread/INFO]: [[38;5;11m⚡[0m]  • Successfully disabled module MobAiReducer in 0ms.
[15:27:30] [Server thread/INFO]: [[38;5;11m⚡[0m]  • Successfully disabled module EntityLimiter in 0ms.
[15:27:30] [Server thread/INFO]: [[38;5;11m⚡[0m]  • Successfully disabled module AbilityLimiter in 0ms.
[15:27:30] [Server thread/INFO]: [[38;5;11m⚡[0m] (ModuleManager) -> Disabled manager in 2ms!
[15:27:30] [Server thread/INFO]: [[38;5;11m⚡[0m] (CommandManager) -> Disabling manager...
[15:27:30] [Server thread/INFO]: [[38;5;11m⚡[0m] (CommandManager) -> Disabled manager in 1ms!
[15:27:30] [Server thread/INFO]: [HealthBar-Reloaded] Disabling HealthBar-Reloaded v2.0.5-beta
[15:27:30] [Server thread/INFO]: HealthBar disabled: all the health bars have been removed.
[15:27:30] [Server thread/INFO]: [SkinsRestorer] Disabling SkinsRestorer v15.9.0
[15:27:30] [Server thread/INFO]: [TAB] Disabling TAB v5.3.2
[15:27:30] [Server thread/INFO]: [TAB] Disabled in 0ms
[15:27:30] [Server thread/INFO]: [AngelChest] Disabling AngelChest v13.9.4
[15:27:30] [Server thread/INFO]: [AdvancedTeleport] Disabling AdvancedTeleport v6.1.3
[15:27:30] [Server thread/INFO]: [ViaBackwards] Disabling ViaBackwards v5.5.1
[15:27:30] [Server thread/INFO]: [LuckPerms] Disabling LuckPerms v5.5.17
[15:27:30] [Server thread/INFO]: [LuckPerms] Starting shutdown process...
[15:27:30] [Server thread/INFO]: [LuckPerms] Closing storage...
[15:27:30] [Server thread/INFO]: [LuckPerms] Goodbye!
[15:27:30] [Server thread/INFO]: [WorldEdit] Disabling WorldEdit v7.3.17-beta-01+5a4f79c
[15:27:30] [Server thread/INFO]: Unregistering com.sk89q.worldedit.bukkit.BukkitServerInterface from WorldEdit
[15:27:30] [Server thread/INFO]: [ViaVersion] Disabling ViaVersion v5.5.1
[15:27:30] [Server thread/INFO]: [ViaVersion] ViaVersion has been disabled; uninjected the platform and shut down the scheduler.
[15:27:30] [Server thread/INFO]: Saving players
[15:27:30] [Server thread/INFO]: Saving worlds
[15:27:30] [Server thread/INFO]: Saving chunks for level 'ServerLevel[world]'/minecraft:overworld
[15:27:30] [Server thread/INFO]: [ChunkHolderManager] Waiting 60s for chunk system to halt for world 'world'
[15:27:30] [Server thread/INFO]: [ChunkHolderManager] Halted chunk system for world 'world'
[15:27:30] [Server thread/INFO]: [ChunkHolderManager] Saving all chunkholders for world 'world'
[15:27:31] [Server thread/INFO]: [ChunkHolderManager] Saved 792 block chunks, 825 entity chunks, 0 poi chunks in world 'world' in 1.35s
[15:27:31] [Server thread/INFO]: [ChunkHolderManager] Waiting 60s for chunk I/O to halt for world 'world'
[15:27:31] [Server thread/INFO]: [ChunkHolderManager] Halted I/O scheduler for world 'world'
[15:27:31] [Server thread/INFO]: Saving chunks for level 'ServerLevel[world_nether]'/minecraft:the_nether
[15:27:31] [Server thread/INFO]: [ChunkHolderManager] Waiting 60s for chunk system to halt for world 'world_nether'
[15:27:31] [Server thread/INFO]: [ChunkHolderManager] Halted chunk system for world 'world_nether'
[15:27:31] [Server thread/INFO]: [ChunkHolderManager] Saving all chunkholders for world 'world_nether'
[15:27:31] [Server thread/INFO]: [ChunkHolderManager] Saved 0 block chunks, 2 entity chunks, 0 poi chunks in world 'world_nether' in 0.01s
[15:27:31] [Server thread/INFO]: [ChunkHolderManager] Waiting 60s for chunk I/O to halt for world 'world_nether'
[15:27:31] [Server thread/INFO]: [ChunkHolderManager] Halted I/O scheduler for world 'world_nether'
[15:27:31] [Server thread/INFO]: Saving chunks for level 'ServerLevel[world_the_end]'/minecraft:the_end
[15:27:31] [Server thread/INFO]: [ChunkHolderManager] Waiting 60s for chunk system to halt for world 'world_the_end'
[15:27:31] [Server thread/INFO]: [ChunkHolderManager] Halted chunk system for world 'world_the_end'
[15:27:31] [Server thread/INFO]: [ChunkHolderManager] Saving all chunkholders for world 'world_the_end'
[15:27:31] [Server thread/INFO]: [ChunkHolderManager] Saved 0 block chunks, 10 entity chunks, 0 poi chunks in world 'world_the_end' in 0.01s
[15:27:31] [Server thread/INFO]: [ChunkHolderManager] Waiting 60s for chunk I/O to halt for world 'world_the_end'
[15:27:31] [Server thread/INFO]: [ChunkHolderManager] Halted I/O scheduler for world 'world_the_end'
[15:27:31] [Server thread/INFO]: ThreadedAnvilChunkStorage (world): All chunks are saved
[15:27:31] [Server thread/INFO]: ThreadedAnvilChunkStorage (DIM-1): All chunks are saved
[15:27:31] [Server thread/INFO]: ThreadedAnvilChunkStorage (DIM1): All chunks are saved
[15:27:31] [Server thread/INFO]: ThreadedAnvilChunkStorage: All dimensions are saved
[15:27:31] [Server thread/INFO]: Waiting for all RegionFile I/O tasks to complete...
[15:27:31] [Server thread/INFO]: All RegionFile I/O tasks to complete
[15:27:31] [Server thread/INFO]: [MoonriseCommon] Awaiting termination of worker pool for up to 60s...
[15:27:31] [Server thread/INFO]: [MoonriseCommon] Awaiting termination of I/O pool for up to 60s...
